<?xml version="1.0" encoding="UTF-8"?>
<!-- Generated by org.testng.reporters.JUnitReportReporter -->
<testsuite hostname="DESKTOP-AVOMJFR" failures="0" tests="1" name="TestProject.publicApi" time="5.342" errors="0" timestamp="2022-03-05T15:02:52 PST" skipped="0">
  <testcase classname="TestProject.publicApi" name="GetCurrencycodesandnames" time="5.342"/>
  <system-out/>
</testsuite> <!-- TestProject.publicApi -->
